<?xml version="1.0" encoding="UTF-8"?>
<testsuite xmlns:xsi="http://www.w3.org/2001/XMLSchema-instance" xsi:noNamespaceSchemaLocation="https://maven.apache.org/surefire/maven-surefire-plugin/xsd/surefire-test-report-3.0.xsd" version="3.0" name="testRunner.RunSearchEmail" time="78.964" tests="3" errors="0" skipped="0" failures="0">
  <properties>
[...]
</properties>
  <testcase name="runScenario[&quot;Add New Customer&quot;, &quot;Customers&quot;](1)" classname="testRunner.RunSearchEmail" time="35.229">
    <system-out><![CDATA[setup1 method Executed....
[DEBUG] Using WebDriverManager 5.6.2
[DEBUG] Resolution chrome=120 in cache (valid until 23:03:25 01/01/2024 IST)
[DEBUG] Resolution chrome120=120.0.6099.109 in cache (valid until 13:27:55 02/01/2024 IST)
[INFO] Using chromedriver 120.0.6099.109 (resolved driver for Chrome 120)
[DEBUG] Driver chromedriver 120.0.6099.109 found in cache
[INFO] Exporting webdriver.chrome.driver as C:\Users\FAHED\.cache\selenium\chromedriver\win64\120.0.6099.109\chromedriver.exe
22:05:30.984 [main] FATAL StepDef - setup1 executed...
22:05:36.226 [main] INFO  StepDef - entered url...
22:05:36.614 [main] INFO  StepDef - User enterted email and password
22:05:52.137 [main] INFO  StepDef - user logged in...
22:06:02.128 [main] INFO  StepDef - Browser closed....
]]></system-out>
  </testcase>
  <testcase name="runScenario[&quot;Search customer by Email&quot;, &quot;Customers&quot;](2)" classname="testRunner.RunSearchEmail" time="23.782">
    <system-out><![CDATA[setup1 method Executed....
[DEBUG] Using WebDriverManager 5.6.2
[DEBUG] Resolution chrome=120 in cache (valid until 23:03:25 01/01/2024 IST)
[DEBUG] Resolution chrome120=120.0.6099.109 in cache (valid until 13:27:55 02/01/2024 IST)
[INFO] Using chromedriver 120.0.6099.109 (resolved driver for Chrome 120)
[DEBUG] Driver chromedriver 120.0.6099.109 found in cache
[INFO] Exporting webdriver.chrome.driver as C:\Users\FAHED\.cache\selenium\chromedriver\win64\120.0.6099.109\chromedriver.exe
22:06:03.428 [main] FATAL StepDef - setup1 executed...
22:06:15.693 [main] INFO  StepDef - entered url...
22:06:16.142 [main] INFO  StepDef - User enterted email and password
22:06:19.633 [main] INFO  StepDef - user logged in...
22:06:25.922 [main] INFO  StepDef - Browser closed....
]]></system-out>
  </testcase>
  <testcase name="runScenario[&quot;Sucessful Login with Valid credentials&quot;, &quot;Login&quot;](3)" classname="testRunner.RunSearchEmail" time="17.532">
    <system-out><![CDATA[setup1 method Executed....
[DEBUG] Using WebDriverManager 5.6.2
[DEBUG] Resolution chrome=120 in cache (valid until 23:03:25 01/01/2024 IST)
[DEBUG] Resolution chrome120=120.0.6099.109 in cache (valid until 13:27:55 02/01/2024 IST)
[INFO] Using chromedriver 120.0.6099.109 (resolved driver for Chrome 120)
[DEBUG] Driver chromedriver 120.0.6099.109 found in cache
[INFO] Exporting webdriver.chrome.driver as C:\Users\FAHED\.cache\selenium\chromedriver\win64\120.0.6099.109\chromedriver.exe
22:06:27.053 [main] FATAL StepDef - setup1 executed...
22:06:34.040 [main] INFO  StepDef - entered url...
22:06:34.428 [main] INFO  StepDef - User enterted email and password
22:06:38.067 [main] INFO  StepDef - user logged in...
22:06:40.655 [main] WARN  StepDef - Page Title did not match...
22:06:43.191 [main] INFO  StepDef - User logged out.....
22:06:43.272 [main] WARN  StepDef - Page Title did not match...
22:06:43.453 [main] INFO  StepDef - Browser closed....
]]></system-out>
    <system-err><![CDATA[Jan 01, 2024 10:06:43 PM org.openqa.selenium.remote.http.WebSocket$Listener onError
WARNING: Connection reset
java.net.SocketException: Connection reset
	at java.base/sun.nio.ch.SocketChannelImpl.throwConnectionReset(SocketChannelImpl.java:401)
	at java.base/sun.nio.ch.SocketChannelImpl.read(SocketChannelImpl.java:434)
	at java.net.http/jdk.internal.net.http.SocketTube.readAvailable(SocketTube.java:1178)
	at java.net.http/jdk.internal.net.http.SocketTube$InternalReadPublisher$InternalReadSubscription.read(SocketTube.java:841)
	at java.net.http/jdk.internal.net.http.SocketTube$SocketFlowTask.run(SocketTube.java:181)
	at java.net.http/jdk.internal.net.http.common.SequentialScheduler$SchedulableTask.run(SequentialScheduler.java:207)
	at java.net.http/jdk.internal.net.http.common.SequentialScheduler.runOrSchedule(SequentialScheduler.java:280)
	at java.net.http/jdk.internal.net.http.common.SequentialScheduler.runOrSchedule(SequentialScheduler.java:233)
	at java.net.http/jdk.internal.net.http.SocketTube$InternalReadPublisher$InternalReadSubscription.signalReadable(SocketTube.java:782)
	at java.net.http/jdk.internal.net.http.SocketTube$InternalReadPublisher$ReadEvent.signalEvent(SocketTube.java:965)
	at java.net.http/jdk.internal.net.http.SocketTube$SocketFlowEvent.handle(SocketTube.java:253)
	at java.net.http/jdk.internal.net.http.HttpClientImpl$SelectorManager.handleEvent(HttpClientImpl.java:1467)
	at java.net.http/jdk.internal.net.http.HttpClientImpl$SelectorManager.lambda$run$3(HttpClientImpl.java:1412)
	at java.base/java.util.ArrayList.forEach(ArrayList.java:1596)
	at java.net.http/jdk.internal.net.http.HttpClientImpl$SelectorManager.run(HttpClientImpl.java:1412)

]]></system-err>
  </testcase>
</testsuite>