<?xml version="1.0" encoding="UTF-8"?>
<testsuite xmlns:xsi="http://www.w3.org/2001/XMLSchema-instance" xsi:noNamespaceSchemaLocation="https://maven.apache.org/surefire/maven-surefire-plugin/xsd/surefire-test-report-3.0.xsd" version="3.0" name="testRunner.RunSearchEmail" time="42.273" tests="3" errors="0" skipped="0" failures="1">
  <properties>
[...]
</properties>
  <testcase name="runScenario[&quot;Add New Customer&quot;, &quot;Customers&quot;](1)" classname="testRunner.RunSearchEmail" time="20.457">
    <system-out><![CDATA[
@tag @Sanity
Scenario: Add New Customer                                                                # Features/AddCustomer.feature:29
setup1 method Executed....
[DEBUG] Using WebDriverManager 5.6.2
[DEBUG] Resolution chrome=120 in cache (valid until 16:46:11 01/01/2024 IST)
[DEBUG] Resolution chrome120=120.0.6099.109 in cache (valid until 13:27:55 02/01/2024 IST)
[INFO] Using chromedriver 120.0.6099.109 (resolved driver for Chrome 120)
[DEBUG] Driver chromedriver 120.0.6099.109 found in cache
[INFO] Exporting webdriver.chrome.driver as C:\Users\FAHED\.cache\selenium\chromedriver\win64\120.0.6099.109\chromedriver.exe
15:52:46.388 [main] FATAL StepDef - setup1 executed...
  Given User Launch Chrome Browser                                                        # StepDefinition.StepDef.user_launch_chrome_browser()
15:52:49.979 [main] INFO  StepDef - entered url...
  When User opens URL "https://admin-demo.nopcommerce.com/login"                          # StepDefinition.StepDef.user_opens_url(java.lang.String)
15:52:50.342 [main] INFO  StepDef - User enterted email and password
  And User enters Email as "admin@yourstore.com" and password as "admin"                  # StepDefinition.StepDef.user_enters_email_as_and_password_as(java.lang.String,java.lang.String)
15:52:54.735 [main] INFO  StepDef - user logged in...
  And Click on Login                                                                      # StepDefinition.StepDef.click_on_login()
  Then User can view Dashboard                                                            # StepDefinition.StepDef.user_can_view_dashboard()
  When User clicks on Customers menu                                                      # StepDefinition.StepDef.user_clicks_on_customers_menu()
  And Click on customers menu item                                                        # StepDefinition.StepDef.click_on_customers_menu_item()
  And Click on Add new button                                                             # StepDefinition.StepDef.click_on_add_new_button()
  Then User can view Add new customer page                                                # StepDefinition.StepDef.user_can_view_add_new_customer_page()
  When User enter customer info                                                           # StepDefinition.StepDef.user_enter_customer_info()
  And Click on save button                                                                # StepDefinition.StepDef.click_on_save_button()
  Then User can view confirmation message "The new customer has been added successfully." # StepDefinition.StepDef.user_can_view_confirmation_message(java.lang.String)
15:53:03.111 [main] INFO  StepDef - Browser closed....
  And Close Browser                                                                       # StepDefinition.StepClose.close_browser()
Tear down method Executed....
]]></system-out>
  </testcase>
  <testcase name="runScenario[&quot;Search customer by Email&quot;, &quot;Customers&quot;](2)" classname="testRunner.RunSearchEmail" time="8.377">
    <failure message="element not interactable&#10;  (Session info: chrome=120.0.6099.130)&#10;Build info: version: &apos;4.16.1&apos;, revision: &apos;9b4c83354e&apos;&#10;System info: os.name: &apos;Windows 10&apos;, os.arch: &apos;amd64&apos;, os.version: &apos;10.0&apos;, java.version: &apos;21.0.1&apos;&#10;Driver info: org.openqa.selenium.chrome.ChromeDriver&#10;Command: [91dc2bb6f6b398c0930b6187e24ffe6a, clickElement {id=84B02028CD0765335B48BC6A8F513C81_element_32}]&#10;Capabilities {acceptInsecureCerts: false, browserName: chrome, browserVersion: 120.0.6099.130, chrome: {chromedriverVersion: 120.0.6099.109 (3419140ab66..., userDataDir: C:\Users\FAHED\AppData\Loca...}, fedcm:accounts: true, goog:chromeOptions: {debuggerAddress: localhost:52727}, networkConnectionEnabled: false, pageLoadStrategy: normal, platformName: windows, proxy: Proxy(), se:cdp: ws://localhost:52727/devtoo..., se:cdpVersion: 120.0.6099.130, setWindowRect: true, strictFileInteractability: false, timeouts: {implicit: 0, pageLoad: 300000, script: 30000}, unhandledPromptBehavior: dismiss and notify, webauthn:extension:credBlob: true, webauthn:extension:largeBlob: true, webauthn:extension:minPinLength: true, webauthn:extension:prf: true, webauthn:virtualAuthenticators: true}&#10;Element: [[ChromeDriver: chrome on windows (91dc2bb6f6b398c0930b6187e24ffe6a)] -&gt; xpath: //a[@href=&apos;/Admin/Customer/List&apos;]//p[contains(text(),&apos;Customers&apos;)]]&#10;Session ID: 91dc2bb6f6b398c0930b6187e24ffe6a" type="org.openqa.selenium.ElementNotInteractableException"><![CDATA[org.openqa.selenium.ElementNotInteractableException: 
element not interactable
  (Session info: chrome=120.0.6099.130)
Build info: version: '4.16.1', revision: '9b4c83354e'
System info: os.name: 'Windows 10', os.arch: 'amd64', os.version: '10.0', java.version: '21.0.1'
Driver info: org.openqa.selenium.chrome.ChromeDriver
Command: [91dc2bb6f6b398c0930b6187e24ffe6a, clickElement {id=84B02028CD0765335B48BC6A8F513C81_element_32}]
Capabilities {acceptInsecureCerts: false, browserName: chrome, browserVersion: 120.0.6099.130, chrome: {chromedriverVersion: 120.0.6099.109 (3419140ab66..., userDataDir: C:\Users\FAHED\AppData\Loca...}, fedcm:accounts: true, goog:chromeOptions: {debuggerAddress: localhost:52727}, networkConnectionEnabled: false, pageLoadStrategy: normal, platformName: windows, proxy: Proxy(), se:cdp: ws://localhost:52727/devtoo..., se:cdpVersion: 120.0.6099.130, setWindowRect: true, strictFileInteractability: false, timeouts: {implicit: 0, pageLoad: 300000, script: 30000}, unhandledPromptBehavior: dismiss and notify, webauthn:extension:credBlob: true, webauthn:extension:largeBlob: true, webauthn:extension:minPinLength: true, webauthn:extension:prf: true, webauthn:virtualAuthenticators: true}
Element: [[ChromeDriver: chrome on windows (91dc2bb6f6b398c0930b6187e24ffe6a)] -> xpath: //a[@href='/Admin/Customer/List']//p[contains(text(),'Customers')]]
Session ID: 91dc2bb6f6b398c0930b6187e24ffe6a
	at java.base/jdk.internal.reflect.DirectConstructorHandleAccessor.newInstance(DirectConstructorHandleAccessor.java:62)
	at java.base/java.lang.reflect.Constructor.newInstanceWithCaller(Constructor.java:502)
	at java.base/java.lang.reflect.Constructor.newInstance(Constructor.java:486)
	at org.openqa.selenium.remote.codec.w3c.W3CHttpResponseCodec.createException(W3CHttpResponseCodec.java:200)
	at org.openqa.selenium.remote.codec.w3c.W3CHttpResponseCodec.decode(W3CHttpResponseCodec.java:133)
	at org.openqa.selenium.remote.codec.w3c.W3CHttpResponseCodec.decode(W3CHttpResponseCodec.java:52)
	at org.openqa.selenium.remote.HttpCommandExecutor.execute(HttpCommandExecutor.java:191)
	at org.openqa.selenium.remote.service.DriverCommandExecutor.invokeExecute(DriverCommandExecutor.java:200)
	at org.openqa.selenium.remote.service.DriverCommandExecutor.execute(DriverCommandExecutor.java:175)
	at org.openqa.selenium.remote.RemoteWebDriver.execute(RemoteWebDriver.java:523)
	at org.openqa.selenium.remote.RemoteWebElement.execute(RemoteWebElement.java:224)
	at org.openqa.selenium.remote.RemoteWebElement.click(RemoteWebElement.java:77)
	at java.base/jdk.internal.reflect.DirectMethodHandleAccessor.invoke(DirectMethodHandleAccessor.java:103)
	at java.base/java.lang.reflect.Method.invoke(Method.java:580)
	at org.openqa.selenium.support.pagefactory.internal.LocatingElementHandler.invoke(LocatingElementHandler.java:51)
	at jdk.proxy2/jdk.proxy2.$Proxy37.click(Unknown Source)
	at PageObject.Customers.customerIteam(Customers.java:74)
	at StepDefinition.StepDef.click_on_customers_menu_item(StepDef.java:173)
	at ✽.Click on customers menu item(file:///C:/Users/FAHED/eclipse-workspace/CucumberFramework/./Features/AddCustomer.feature:44)
]]></failure>
    <system-out><![CDATA[
@tag @Sanity
Scenario: Search customer by Email                                       # Features/AddCustomer.feature:41
setup1 method Executed....
[DEBUG] Using WebDriverManager 5.6.2
[DEBUG] Resolution chrome=120 in cache (valid until 16:46:11 01/01/2024 IST)
[DEBUG] Resolution chrome120=120.0.6099.109 in cache (valid until 13:27:55 02/01/2024 IST)
[INFO] Using chromedriver 120.0.6099.109 (resolved driver for Chrome 120)
[DEBUG] Driver chromedriver 120.0.6099.109 found in cache
[INFO] Exporting webdriver.chrome.driver as C:\Users\FAHED\.cache\selenium\chromedriver\win64\120.0.6099.109\chromedriver.exe
15:53:04.504 [main] FATAL StepDef - setup1 executed...
  Given User Launch Chrome Browser                                       # StepDefinition.StepDef.user_launch_chrome_browser()
15:53:08.242 [main] INFO  StepDef - entered url...
  When User opens URL "https://admin-demo.nopcommerce.com/login"         # StepDefinition.StepDef.user_opens_url(java.lang.String)
15:53:08.665 [main] INFO  StepDef - User enterted email and password
  And User enters Email as "admin@yourstore.com" and password as "admin" # StepDefinition.StepDef.user_enters_email_as_and_password_as(java.lang.String,java.lang.String)
15:53:10.978 [main] INFO  StepDef - user logged in...
  And Click on Login                                                     # StepDefinition.StepDef.click_on_login()
  Then User can view Dashboard                                           # StepDefinition.StepDef.user_can_view_dashboard()
  When User clicks on Customers menu                                     # StepDefinition.StepDef.user_clicks_on_customers_menu()
  And Click on customers menu item                                       # StepDefinition.StepDef.click_on_customers_menu_item()
      org.openqa.selenium.ElementNotInteractableException: element not interactable
  (Session info: chrome=120.0.6099.130)
Build info: version: '4.16.1', revision: '9b4c83354e'
System info: os.name: 'Windows 10', os.arch: 'amd64', os.version: '10.0', java.version: '21.0.1'
Driver info: org.openqa.selenium.chrome.ChromeDriver
Command: [91dc2bb6f6b398c0930b6187e24ffe6a, clickElement {id=84B02028CD0765335B48BC6A8F513C81_element_32}]
Capabilities {acceptInsecureCerts: false, browserName: chrome, browserVersion: 120.0.6099.130, chrome: {chromedriverVersion: 120.0.6099.109 (3419140ab66..., userDataDir: C:\Users\FAHED\AppData\Loca...}, fedcm:accounts: true, goog:chromeOptions: {debuggerAddress: localhost:52727}, networkConnectionEnabled: false, pageLoadStrategy: normal, platformName: windows, proxy: Proxy(), se:cdp: ws://localhost:52727/devtoo..., se:cdpVersion: 120.0.6099.130, setWindowRect: true, strictFileInteractability: false, timeouts: {implicit: 0, pageLoad: 300000, script: 30000}, unhandledPromptBehavior: dismiss and notify, webauthn:extension:credBlob: true, webauthn:extension:largeBlob: true, webauthn:extension:minPinLength: true, webauthn:extension:prf: true, webauthn:virtualAuthenticators: true}
Element: [[ChromeDriver: chrome on windows (91dc2bb6f6b398c0930b6187e24ffe6a)] -> xpath: //a[@href='/Admin/Customer/List']//p[contains(text(),'Customers')]]
Session ID: 91dc2bb6f6b398c0930b6187e24ffe6a
	at java.base/jdk.internal.reflect.DirectConstructorHandleAccessor.newInstance(DirectConstructorHandleAccessor.java:62)
	at java.base/java.lang.reflect.Constructor.newInstanceWithCaller(Constructor.java:502)
	at java.base/java.lang.reflect.Constructor.newInstance(Constructor.java:486)
	at org.openqa.selenium.remote.codec.w3c.W3CHttpResponseCodec.createException(W3CHttpResponseCodec.java:200)
	at org.openqa.selenium.remote.codec.w3c.W3CHttpResponseCodec.decode(W3CHttpResponseCodec.java:133)
	at org.openqa.selenium.remote.codec.w3c.W3CHttpResponseCodec.decode(W3CHttpResponseCodec.java:52)
	at org.openqa.selenium.remote.HttpCommandExecutor.execute(HttpCommandExecutor.java:191)
	at org.openqa.selenium.remote.service.DriverCommandExecutor.invokeExecute(DriverCommandExecutor.java:200)
	at org.openqa.selenium.remote.service.DriverCommandExecutor.execute(DriverCommandExecutor.java:175)
	at org.openqa.selenium.remote.RemoteWebDriver.execute(RemoteWebDriver.java:523)
	at org.openqa.selenium.remote.RemoteWebElement.execute(RemoteWebElement.java:224)
	at org.openqa.selenium.remote.RemoteWebElement.click(RemoteWebElement.java:77)
	at java.base/jdk.internal.reflect.DirectMethodHandleAccessor.invoke(DirectMethodHandleAccessor.java:103)
	at java.base/java.lang.reflect.Method.invoke(Method.java:580)
	at org.openqa.selenium.support.pagefactory.internal.LocatingElementHandler.invoke(LocatingElementHandler.java:51)
	at jdk.proxy2/jdk.proxy2.$Proxy37.click(Unknown Source)
	at PageObject.Customers.customerIteam(Customers.java:74)
	at StepDefinition.StepDef.click_on_customers_menu_item(StepDef.java:173)
	at ✽.Click on customers menu item(file:///C:/Users/FAHED/eclipse-workspace/CucumberFramework/./Features/AddCustomer.feature:44)

  And Enter customer Email                                               # StepDefinition.StepDef.enter_customer_email()
  When Click on Search button                                            # StepDefinition.StepDef.click_on_search_button()
  Then User should find Email in the Search table                        # StepDefinition.StepDef.user_should_find_email_in_the_search_table()
  And Close Browser                                                      # StepDefinition.StepClose.close_browser()
Tear down method Executed....
]]></system-out>
  </testcase>
  <testcase name="runScenario[&quot;Sucessful Login with Valid credentials&quot;, &quot;Login&quot;](3)" classname="testRunner.RunSearchEmail" time="11.509">
    <system-out><![CDATA[
@tag @Sanity
Scenario: Sucessful Login with Valid credentials                         # Features/LoginFeature.feature:23
setup1 method Executed....
[DEBUG] Using WebDriverManager 5.6.2
[DEBUG] Resolution chrome=120 in cache (valid until 16:46:11 01/01/2024 IST)
[DEBUG] Resolution chrome120=120.0.6099.109 in cache (valid until 13:27:55 02/01/2024 IST)
[INFO] Using chromedriver 120.0.6099.109 (resolved driver for Chrome 120)
[DEBUG] Driver chromedriver 120.0.6099.109 found in cache
[INFO] Exporting webdriver.chrome.driver as C:\Users\FAHED\.cache\selenium\chromedriver\win64\120.0.6099.109\chromedriver.exe
15:53:12.579 [main] FATAL StepDef - setup1 executed...
  Given User Launch Chrome Browser                                       # StepDefinition.StepDef.user_launch_chrome_browser()
15:53:16.728 [main] INFO  StepDef - entered url...
  When User opens URL "https://admin-demo.nopcommerce.com/login"         # StepDefinition.StepDef.user_opens_url(java.lang.String)
15:53:17.174 [main] INFO  StepDef - User enterted email and password
  And User enters Email as "admin@yourstore.com" and password as "admin" # StepDefinition.StepDef.user_enters_email_as_and_password_as(java.lang.String,java.lang.String)
15:53:19.323 [main] INFO  StepDef - user logged in...
  And Click on Login                                                     # StepDefinition.StepDef.click_on_login()
15:53:20.926 [main] WARN  StepDef - Page Title did not match...
  Then Page Title should be "Dashboard / nopcommerce administration"     # StepDefinition.StepDef.page_title_should_be(java.lang.String)
15:53:22.768 [main] INFO  StepDef - User logged out.....
  When User click on Logout link                                         # StepDefinition.StepDef.user_click_on_logout_link()
15:53:22.840 [main] WARN  StepDef - Page Title did not match...
  Then Page Title should be "your store. Login"                          # StepDefinition.StepDef.page_title_should_be(java.lang.String)
15:53:23.030 [main] INFO  StepDef - Browser closed....
  And Close Browser                                                      # StepDefinition.StepClose.close_browser()
Tear down method Executed....
]]></system-out>
  </testcase>
</testsuite>